<?xml version="1.0" encoding="UTF-8"?>
<!-- Generated by org.testng.reporters.JUnitReportReporter -->
<testsuite hostname="BANPC1CKTC1" failures="0" tests="2" name="picsartAssignment.TestAssignment" time="35.422" errors="0" timestamp="2021-11-04T18:10:22 IST" skipped="0">
  <testcase classname="picsartAssignment.TestAssignment" name="firstAssignment" time="30.977"/>
  <system-out/>
  <testcase classname="picsartAssignment.TestAssignment" name="secondAssigment" time="4.445"/>
  <system-out/>
</testsuite> <!-- picsartAssignment.TestAssignment -->
