<?xml version="1.0" encoding="UTF-8"?>
<!-- Generated by org.testng.reporters.JUnitReportReporter -->
<testsuite hostname="BANPC1CKTC1" failures="0" tests="1" name="picsartAssignment.RestAssuredTest" time="1.560" errors="0" timestamp="2021-11-04T18:10:22 IST" skipped="0">
  <testcase classname="picsartAssignment.RestAssuredTest" name="verifyRestAssuredMethod" time="1.560"/>
  <system-out/>
</testsuite> <!-- picsartAssignment.RestAssuredTest -->
